# Logfile created on 2020-06-09 21:21:14 +0900 by logger.rb/66358
  INFO ---------------------------------------------------------------------------
  INFO START 2020-06-09 21:21:14 +0900 cap production deploy:check
  INFO ---------------------------------------------------------------------------
  INFO rbenv: rbenv_ruby is not set; ruby version will be defined by the remote hosts via rbenv
  INFO [2b70be0e] Running /usr/bin/env mkdir -p /tmp as app@ec2-52-198-155-223.ap-northeast-1.compute.amazonaws.com
 DEBUG [2b70be0e] Command: ( export RBENV_ROOT="$HOME/.rbenv" RBENV_VERSION="" ; /usr/bin/env mkdir -p /tmp )
  INFO ---------------------------------------------------------------------------
  INFO START 2020-06-09 21:22:11 +0900 cap production deploy:check
  INFO ---------------------------------------------------------------------------
  INFO rbenv: rbenv_ruby is not set; ruby version will be defined by the remote hosts via rbenv
  INFO [e81b3b54] Running /usr/bin/env mkdir -p /tmp as root@ec2-52-198-155-223.ap-northeast-1.compute.amazonaws.com
 DEBUG [e81b3b54] Command: ( export RBENV_ROOT="$HOME/.rbenv" RBENV_VERSION="" ; /usr/bin/env mkdir -p /tmp )
 DEBUG [e81b3b54] 	/etc/profile.d/rbenv.sh: 行 3: rbenv: コマンドが見つかりません
 DEBUG [e81b3b54] 	/etc/profile.d/rbenv.sh: 行 3: $'\342\200\250': コマンドが見つかりません
 DEBUG [e81b3b54] 	Please login as the user "ec2-user" rather than the user "root".

  INFO [e81b3b54] Finished in 10.451 seconds with exit status 0 (successful).
  INFO ---------------------------------------------------------------------------
  INFO START 2020-06-09 21:22:42 +0900 cap production deploy:check
  INFO ---------------------------------------------------------------------------
  INFO rbenv: rbenv_ruby is not set; ruby version will be defined by the remote hosts via rbenv
  INFO [29f58786] Running /usr/bin/env mkdir -p /tmp as ec2-user@ec2-52-198-155-223.ap-northeast-1.compute.amazonaws.com
 DEBUG [29f58786] Command: ( export RBENV_ROOT="$HOME/.rbenv" RBENV_VERSION="" ; /usr/bin/env mkdir -p /tmp )
 DEBUG [29f58786] 	/etc/profile.d/rbenv.sh: 行 3: rbenv: コマンドが見つかりません
 DEBUG [29f58786] 	/etc/profile.d/rbenv.sh: 行 3: $'\342\200\250': コマンドが見つかりません
  INFO [29f58786] Finished in 0.282 seconds with exit status 0 (successful).
 DEBUG Uploading /tmp/git-ssh-test_deploy-production-sbkn0919.sh 0.0%
  INFO Uploading /tmp/git-ssh-test_deploy-production-sbkn0919.sh 100.0%
  INFO [8eec2f27] Running /usr/bin/env chmod 700 /tmp/git-ssh-test_deploy-production-sbkn0919.sh as ec2-user@ec2-52-198-155-223.ap-northeast-1.compute.amazonaws.com
 DEBUG [8eec2f27] Command: ( export RBENV_ROOT="$HOME/.rbenv" RBENV_VERSION="" ; /usr/bin/env chmod 700 /tmp/git-ssh-test_deploy-production-sbkn0919.sh )
 DEBUG [8eec2f27] 	/etc/profile.d/rbenv.sh: 行 3: rbenv: コマンドが見つかりません
 DEBUG [8eec2f27] 	/etc/profile.d/rbenv.sh: 行 3: $'\342\200\250': コマンドが見つかりません
  INFO [8eec2f27] Finished in 0.078 seconds with exit status 0 (successful).
  INFO [de688ad4] Running /usr/bin/env git ls-remote --heads git@gitlab.com:sibakeny/sbkn_blog.git as ec2-user@ec2-52-198-155-223.ap-northeast-1.compute.amazonaws.com
 DEBUG [de688ad4] Command: ( export RBENV_ROOT="$HOME/.rbenv" RBENV_VERSION="" GIT_ASKPASS="/bin/echo" GIT_SSH="/tmp/git-ssh-test_deploy-production-sbkn0919.sh" ; /usr/bin/env git ls-remote --heads git@gitlab.com:sibakeny/sbkn_blog.git )
 DEBUG [de688ad4] 	/etc/profile.d/rbenv.sh: 行 3: rbenv: コマンドが見つかりません
 DEBUG [de688ad4] 	/etc/profile.d/rbenv.sh: 行 3: $'\342\200\250': コマンドが見つかりません
 DEBUG [de688ad4] 	Warning: Permanently added 'gitlab.com,172.65.251.78' (ECDSA) to the list of known hosts.
 DEBUG [de688ad4] 	Permission denied (publickey).
 DEBUG [de688ad4] 	fatal: Could not read from remote repository.

Please make sure you have the correct access rights
and the repository exists.
  INFO ---------------------------------------------------------------------------
  INFO START 2020-06-09 21:22:54 +0900 cap production deploy:check
  INFO ---------------------------------------------------------------------------
  INFO rbenv: rbenv_ruby is not set; ruby version will be defined by the remote hosts via rbenv
  INFO [92794023] Running /usr/bin/env mkdir -p /tmp as ec2-user@ec2-52-198-155-223.ap-northeast-1.compute.amazonaws.com
 DEBUG [92794023] Command: ( export RBENV_ROOT="$HOME/.rbenv" RBENV_VERSION="" ; /usr/bin/env mkdir -p /tmp )
 DEBUG [92794023] 	/etc/profile.d/rbenv.sh: 行 3: rbenv: コマンドが見つかりません
 DEBUG [92794023] 	/etc/profile.d/rbenv.sh: 行 3: $'\342\200\250': コマンドが見つかりません
  INFO [92794023] Finished in 0.277 seconds with exit status 0 (successful).
 DEBUG Uploading /tmp/git-ssh-test_deploy-production-sbkn0919.sh 0.0%
  INFO Uploading /tmp/git-ssh-test_deploy-production-sbkn0919.sh 100.0%
  INFO [7f77a408] Running /usr/bin/env chmod 700 /tmp/git-ssh-test_deploy-production-sbkn0919.sh as ec2-user@ec2-52-198-155-223.ap-northeast-1.compute.amazonaws.com
 DEBUG [7f77a408] Command: ( export RBENV_ROOT="$HOME/.rbenv" RBENV_VERSION="" ; /usr/bin/env chmod 700 /tmp/git-ssh-test_deploy-production-sbkn0919.sh )
 DEBUG [7f77a408] 	/etc/profile.d/rbenv.sh: 行 3: rbenv: コマンドが見つかりません
 DEBUG [7f77a408] 	/etc/profile.d/rbenv.sh: 行 3: $'\342\200\250': コマンドが見つかりません
  INFO [7f77a408] Finished in 0.082 seconds with exit status 0 (successful).
  INFO [d5564eb9] Running /usr/bin/env git ls-remote --heads git@gitlab.com:sibakeny/sbkn_blog.git as ec2-user@ec2-52-198-155-223.ap-northeast-1.compute.amazonaws.com
 DEBUG [d5564eb9] Command: ( export RBENV_ROOT="$HOME/.rbenv" RBENV_VERSION="" GIT_ASKPASS="/bin/echo" GIT_SSH="/tmp/git-ssh-test_deploy-production-sbkn0919.sh" ; /usr/bin/env git ls-remote --heads git@gitlab.com:sibakeny/sbkn_blog.git )
 DEBUG [d5564eb9] 	/etc/profile.d/rbenv.sh: 行 3: rbenv: コマンドが見つかりません
 DEBUG [d5564eb9] 	/etc/profile.d/rbenv.sh: 行 3: $'\342\200\250': コマンドが見つかりません
 DEBUG [d5564eb9] 	Permission denied (publickey).
 DEBUG [d5564eb9] 	fatal: Could not read from remote repository.

Please make sure you have the correct access rights
and the repository exists.
  INFO ---------------------------------------------------------------------------
  INFO START 2020-06-09 21:25:04 +0900 cap production deploy:check
  INFO ---------------------------------------------------------------------------
  INFO rbenv: rbenv_ruby is not set; ruby version will be defined by the remote hosts via rbenv
  INFO [30cf47ba] Running /usr/bin/env mkdir -p /tmp as ec2-user@ec2-52-198-155-223.ap-northeast-1.compute.amazonaws.com
 DEBUG [30cf47ba] Command: ( export RBENV_ROOT="$HOME/.rbenv" RBENV_VERSION="" ; /usr/bin/env mkdir -p /tmp )
 DEBUG [30cf47ba] 	/etc/profile.d/rbenv.sh: 行 3: rbenv: コマンドが見つかりません
 DEBUG [30cf47ba] 	/etc/profile.d/rbenv.sh: 行 3: $'\342\200\250': コマンドが見つかりません
  INFO [30cf47ba] Finished in 0.291 seconds with exit status 0 (successful).
 DEBUG Uploading /tmp/git-ssh-test_deploy-production-sbkn0919.sh 0.0%
  INFO Uploading /tmp/git-ssh-test_deploy-production-sbkn0919.sh 100.0%
  INFO [c63c9814] Running /usr/bin/env chmod 700 /tmp/git-ssh-test_deploy-production-sbkn0919.sh as ec2-user@ec2-52-198-155-223.ap-northeast-1.compute.amazonaws.com
 DEBUG [c63c9814] Command: ( export RBENV_ROOT="$HOME/.rbenv" RBENV_VERSION="" ; /usr/bin/env chmod 700 /tmp/git-ssh-test_deploy-production-sbkn0919.sh )
 DEBUG [c63c9814] 	/etc/profile.d/rbenv.sh: 行 3: rbenv: コマンドが見つかりません
 DEBUG [c63c9814] 	/etc/profile.d/rbenv.sh: 行 3: $'\342\200\250': コマンドが見つかりません
  INFO [c63c9814] Finished in 0.078 seconds with exit status 0 (successful).
  INFO [6e125c3f] Running /usr/bin/env git ls-remote --heads git@gitlab.com:sibakeny/sbkn_blog.git as ec2-user@ec2-52-198-155-223.ap-northeast-1.compute.amazonaws.com
 DEBUG [6e125c3f] Command: ( export RBENV_ROOT="$HOME/.rbenv" RBENV_VERSION="" GIT_ASKPASS="/bin/echo" GIT_SSH="/tmp/git-ssh-test_deploy-production-sbkn0919.sh" ; /usr/bin/env git ls-remote --heads git@gitlab.com:sibakeny/sbkn_blog.git )
 DEBUG [6e125c3f] 	/etc/profile.d/rbenv.sh: 行 3: rbenv: コマンドが見つかりません
 DEBUG [6e125c3f] 	/etc/profile.d/rbenv.sh: 行 3: $'\342\200\250': コマンドが見つかりません
 DEBUG [6e125c3f] 	Permission denied (publickey).
 DEBUG [6e125c3f] 	fatal: Could not read from remote repository.

Please make sure you have the correct access rights
and the repository exists.
  INFO ---------------------------------------------------------------------------
  INFO START 2020-06-09 21:25:21 +0900 cap production deploy:check
  INFO ---------------------------------------------------------------------------
  INFO rbenv: rbenv_ruby is not set; ruby version will be defined by the remote hosts via rbenv
  INFO [d9dd720f] Running /usr/bin/env mkdir -p /tmp as ec2-user@ec2-52-198-155-223.ap-northeast-1.compute.amazonaws.com
 DEBUG [d9dd720f] Command: ( export RBENV_ROOT="$HOME/.rbenv" RBENV_VERSION="" ; /usr/bin/env mkdir -p /tmp )
 DEBUG [d9dd720f] 	/etc/profile.d/rbenv.sh: 行 3: rbenv: コマンドが見つかりません
 DEBUG [d9dd720f] 	/etc/profile.d/rbenv.sh: 行 3: $'\342\200\250': コマンドが見つかりません
  INFO [d9dd720f] Finished in 0.289 seconds with exit status 0 (successful).
 DEBUG Uploading /tmp/git-ssh-test_deploy-production-sbkn0919.sh 0.0%
  INFO Uploading /tmp/git-ssh-test_deploy-production-sbkn0919.sh 100.0%
  INFO [d8c89b9f] Running /usr/bin/env chmod 700 /tmp/git-ssh-test_deploy-production-sbkn0919.sh as ec2-user@ec2-52-198-155-223.ap-northeast-1.compute.amazonaws.com
 DEBUG [d8c89b9f] Command: ( export RBENV_ROOT="$HOME/.rbenv" RBENV_VERSION="" ; /usr/bin/env chmod 700 /tmp/git-ssh-test_deploy-production-sbkn0919.sh )
 DEBUG [d8c89b9f] 	/etc/profile.d/rbenv.sh: 行 3: rbenv: コマンドが見つかりません
 DEBUG [d8c89b9f] 	/etc/profile.d/rbenv.sh: 行 3: $'\342\200\250': コマンドが見つかりません
  INFO [d8c89b9f] Finished in 0.079 seconds with exit status 0 (successful).
  INFO [9f126777] Running /usr/bin/env git ls-remote --heads git@gitlab.com:sibakeny/sbkn_blog.git as ec2-user@ec2-52-198-155-223.ap-northeast-1.compute.amazonaws.com
 DEBUG [9f126777] Command: ( export RBENV_ROOT="$HOME/.rbenv" RBENV_VERSION="" GIT_ASKPASS="/bin/echo" GIT_SSH="/tmp/git-ssh-test_deploy-production-sbkn0919.sh" ; /usr/bin/env git ls-remote --heads git@gitlab.com:sibakeny/sbkn_blog.git )
 DEBUG [9f126777] 	/etc/profile.d/rbenv.sh: 行 3: rbenv: コマンドが見つかりません
 DEBUG [9f126777] 	/etc/profile.d/rbenv.sh: 行 3: $'\342\200\250': コマンドが見つかりません
 DEBUG [9f126777] 	Permission denied (publickey).
 DEBUG [9f126777] 	fatal: Could not read from remote repository.

Please make sure you have the correct access rights
and the repository exists.
  INFO ---------------------------------------------------------------------------
  INFO START 2020-06-09 21:26:25 +0900 cap production deploy:check
  INFO ---------------------------------------------------------------------------
  INFO rbenv: rbenv_ruby is not set; ruby version will be defined by the remote hosts via rbenv
  INFO [ad22bbb2] Running /usr/bin/env mkdir -p /tmp as ec2-user@ec2-52-198-155-223.ap-northeast-1.compute.amazonaws.com
 DEBUG [ad22bbb2] Command: ( export RBENV_ROOT="$HOME/.rbenv" RBENV_VERSION="" ; /usr/bin/env mkdir -p /tmp )
 DEBUG [ad22bbb2] 	/etc/profile.d/rbenv.sh: 行 3: rbenv: コマンドが見つかりません
 DEBUG [ad22bbb2] 	/etc/profile.d/rbenv.sh: 行 3: $'\342\200\250': コマンドが見つかりません
  INFO [ad22bbb2] Finished in 0.306 seconds with exit status 0 (successful).
 DEBUG Uploading /tmp/git-ssh-test_deploy-production-sbkn0919.sh 0.0%
  INFO Uploading /tmp/git-ssh-test_deploy-production-sbkn0919.sh 100.0%
  INFO [e3822db9] Running /usr/bin/env chmod 700 /tmp/git-ssh-test_deploy-production-sbkn0919.sh as ec2-user@ec2-52-198-155-223.ap-northeast-1.compute.amazonaws.com
 DEBUG [e3822db9] Command: ( export RBENV_ROOT="$HOME/.rbenv" RBENV_VERSION="" ; /usr/bin/env chmod 700 /tmp/git-ssh-test_deploy-production-sbkn0919.sh )
 DEBUG [e3822db9] 	/etc/profile.d/rbenv.sh: 行 3: rbenv: コマンドが見つかりません
 DEBUG [e3822db9] 	/etc/profile.d/rbenv.sh: 行 3: $'\342\200\250': コマンドが見つかりません
  INFO [e3822db9] Finished in 0.081 seconds with exit status 0 (successful).
  INFO [4c6697ec] Running /usr/bin/env git ls-remote --heads git@gitlab.com:sibakeny/sbkn_blog.git as ec2-user@ec2-52-198-155-223.ap-northeast-1.compute.amazonaws.com
 DEBUG [4c6697ec] Command: ( export RBENV_ROOT="$HOME/.rbenv" RBENV_VERSION="" GIT_ASKPASS="/bin/echo" GIT_SSH="/tmp/git-ssh-test_deploy-production-sbkn0919.sh" ; /usr/bin/env git ls-remote --heads git@gitlab.com:sibakeny/sbkn_blog.git )
 DEBUG [4c6697ec] 	/etc/profile.d/rbenv.sh: 行 3: rbenv: コマンドが見つかりません
 DEBUG [4c6697ec] 	/etc/profile.d/rbenv.sh: 行 3: $'\342\200\250': コマンドが見つかりません
 DEBUG [4c6697ec] 	Permission denied (publickey).
 DEBUG [4c6697ec] 	fatal: Could not read from remote repository.

Please make sure you have the correct access rights
and the repository exists.
  INFO ---------------------------------------------------------------------------
  INFO START 2020-06-09 21:29:35 +0900 cap production deploy:check
  INFO ---------------------------------------------------------------------------
  INFO rbenv: rbenv_ruby is not set; ruby version will be defined by the remote hosts via rbenv
  INFO [ffe30319] Running /usr/bin/env mkdir -p /tmp as ec2-user@ec2-52-198-155-223.ap-northeast-1.compute.amazonaws.com
 DEBUG [ffe30319] Command: ( export RBENV_ROOT="$HOME/.rbenv" RBENV_VERSION="" ; /usr/bin/env mkdir -p /tmp )
 DEBUG [ffe30319] 	/etc/profile.d/rbenv.sh: 行 3: rbenv: コマンドが見つかりません
 DEBUG [ffe30319] 	/etc/profile.d/rbenv.sh: 行 3: $'\342\200\250': コマンドが見つかりません
  INFO [ffe30319] Finished in 0.303 seconds with exit status 0 (successful).
 DEBUG Uploading /tmp/git-ssh-test_deploy-production-sbkn0919.sh 0.0%
  INFO Uploading /tmp/git-ssh-test_deploy-production-sbkn0919.sh 100.0%
  INFO [f02db704] Running /usr/bin/env chmod 700 /tmp/git-ssh-test_deploy-production-sbkn0919.sh as ec2-user@ec2-52-198-155-223.ap-northeast-1.compute.amazonaws.com
 DEBUG [f02db704] Command: ( export RBENV_ROOT="$HOME/.rbenv" RBENV_VERSION="" ; /usr/bin/env chmod 700 /tmp/git-ssh-test_deploy-production-sbkn0919.sh )
 DEBUG [f02db704] 	/etc/profile.d/rbenv.sh: 行 3: rbenv: コマンドが見つかりません
 DEBUG [f02db704] 	/etc/profile.d/rbenv.sh: 行 3: $'\342\200\250': コマンドが見つかりません
  INFO [f02db704] Finished in 0.081 seconds with exit status 0 (successful).
  INFO [9a7eea7b] Running /usr/bin/env git ls-remote --heads git@gitlab.com:sibakeny/sbkn_blog.git as ec2-user@ec2-52-198-155-223.ap-northeast-1.compute.amazonaws.com
 DEBUG [9a7eea7b] Command: ( export RBENV_ROOT="$HOME/.rbenv" RBENV_VERSION="" GIT_ASKPASS="/bin/echo" GIT_SSH="/tmp/git-ssh-test_deploy-production-sbkn0919.sh" ; /usr/bin/env git ls-remote --heads git@gitlab.com:sibakeny/sbkn_blog.git )
 DEBUG [9a7eea7b] 	/etc/profile.d/rbenv.sh: 行 3: rbenv: コマンドが見つかりません
 DEBUG [9a7eea7b] 	/etc/profile.d/rbenv.sh: 行 3: $'\342\200\250': コマンドが見つかりません
 DEBUG [9a7eea7b] 	Permission denied (publickey).
 DEBUG [9a7eea7b] 	fatal: Could not read from remote repository.

Please make sure you have the correct access rights
and the repository exists.
  INFO ---------------------------------------------------------------------------
  INFO START 2020-06-09 21:29:54 +0900 cap production deploy:check
  INFO ---------------------------------------------------------------------------
  INFO rbenv: rbenv_ruby is not set; ruby version will be defined by the remote hosts via rbenv
  INFO [31f3f802] Running /usr/bin/env mkdir -p /tmp as ec2-user@ec2-52-198-155-223.ap-northeast-1.compute.amazonaws.com
 DEBUG [31f3f802] Command: ( export RBENV_ROOT="$HOME/.rbenv" RBENV_VERSION="" ; /usr/bin/env mkdir -p /tmp )
 DEBUG [31f3f802] 	/etc/profile.d/rbenv.sh: 行 3: rbenv: コマンドが見つかりません
 DEBUG [31f3f802] 	/etc/profile.d/rbenv.sh: 行 3: $'\342\200\250': コマンドが見つかりません
  INFO [31f3f802] Finished in 0.899 seconds with exit status 0 (successful).
 DEBUG Uploading /tmp/git-ssh-test_deploy-production-sbkn0919.sh 0.0%
  INFO Uploading /tmp/git-ssh-test_deploy-production-sbkn0919.sh 100.0%
  INFO [6879884a] Running /usr/bin/env chmod 700 /tmp/git-ssh-test_deploy-production-sbkn0919.sh as ec2-user@ec2-52-198-155-223.ap-northeast-1.compute.amazonaws.com
 DEBUG [6879884a] Command: ( export RBENV_ROOT="$HOME/.rbenv" RBENV_VERSION="" ; /usr/bin/env chmod 700 /tmp/git-ssh-test_deploy-production-sbkn0919.sh )
 DEBUG [6879884a] 	/etc/profile.d/rbenv.sh: 行 3: rbenv: コマンドが見つかりません
 DEBUG [6879884a] 	/etc/profile.d/rbenv.sh: 行 3: $'\342\200\250': コマンドが見つかりません
  INFO [6879884a] Finished in 0.203 seconds with exit status 0 (successful).
  INFO [0be9d38d] Running /usr/bin/env git ls-remote --heads git@gitlab.com:sibakeny/sbkn_blog.git as ec2-user@ec2-52-198-155-223.ap-northeast-1.compute.amazonaws.com
 DEBUG [0be9d38d] Command: ( export RBENV_ROOT="$HOME/.rbenv" RBENV_VERSION="" GIT_ASKPASS="/bin/echo" GIT_SSH="/tmp/git-ssh-test_deploy-production-sbkn0919.sh" ; /usr/bin/env git ls-remote --heads git@gitlab.com:sibakeny/sbkn_blog.git )
 DEBUG [0be9d38d] 	/etc/profile.d/rbenv.sh: 行 3: rbenv: コマンドが見つかりません
 DEBUG [0be9d38d] 	/etc/profile.d/rbenv.sh: 行 3: $'\342\200\250': コマンドが見つかりません
 DEBUG [0be9d38d] 	Permission denied (publickey).
 DEBUG [0be9d38d] 	fatal: Could not read from remote repository.

Please make sure you have the correct access rights
and the repository exists.
  INFO ---------------------------------------------------------------------------
  INFO START 2020-06-09 21:33:44 +0900 cap production deploy:check
  INFO ---------------------------------------------------------------------------
  INFO rbenv: rbenv_ruby is not set; ruby version will be defined by the remote hosts via rbenv
  INFO [e106ca9c] Running /usr/bin/env mkdir -p /tmp as ec2-user@ec2-52-198-155-223.ap-northeast-1.compute.amazonaws.com
 DEBUG [e106ca9c] Command: ( export RBENV_ROOT="$HOME/.rbenv" RBENV_VERSION="" ; /usr/bin/env mkdir -p /tmp )
 DEBUG [e106ca9c] 	/etc/profile.d/rbenv.sh: 行 3: rbenv: コマンドが見つかりません
 DEBUG [e106ca9c] 	/etc/profile.d/rbenv.sh: 行 3: $'\342\200\250': コマンドが見つかりません
  INFO [e106ca9c] Finished in 0.302 seconds with exit status 0 (successful).
 DEBUG Uploading /tmp/git-ssh-test_deploy-production-sbkn0919.sh 0.0%
  INFO Uploading /tmp/git-ssh-test_deploy-production-sbkn0919.sh 100.0%
  INFO [850ff898] Running /usr/bin/env chmod 700 /tmp/git-ssh-test_deploy-production-sbkn0919.sh as ec2-user@ec2-52-198-155-223.ap-northeast-1.compute.amazonaws.com
 DEBUG [850ff898] Command: ( export RBENV_ROOT="$HOME/.rbenv" RBENV_VERSION="" ; /usr/bin/env chmod 700 /tmp/git-ssh-test_deploy-production-sbkn0919.sh )
 DEBUG [850ff898] 	/etc/profile.d/rbenv.sh: 行 3: rbenv: コマンドが見つかりません
 DEBUG [850ff898] 	/etc/profile.d/rbenv.sh: 行 3: $'\342\200\250': コマンドが見つかりません
  INFO [850ff898] Finished in 0.083 seconds with exit status 0 (successful).
  INFO [72bee109] Running /usr/bin/env git ls-remote --heads git@gitlab.com:sibakeny/sbkn_blog.git as ec2-user@ec2-52-198-155-223.ap-northeast-1.compute.amazonaws.com
 DEBUG [72bee109] Command: ( export RBENV_ROOT="$HOME/.rbenv" RBENV_VERSION="" GIT_ASKPASS="/bin/echo" GIT_SSH="/tmp/git-ssh-test_deploy-production-sbkn0919.sh" ; /usr/bin/env git ls-remote --heads git@gitlab.com:sibakeny/sbkn_blog.git )
 DEBUG [72bee109] 	/etc/profile.d/rbenv.sh: 行 3: rbenv: コマンドが見つかりません
 DEBUG [72bee109] 	/etc/profile.d/rbenv.sh: 行 3: $'\342\200\250': コマンドが見つかりません
 DEBUG [72bee109] 	Permission denied (publickey).
 DEBUG [72bee109] 	fatal: Could not read from remote repository.

Please make sure you have the correct access rights
and the repository exists.
  INFO ---------------------------------------------------------------------------
  INFO START 2020-06-09 21:35:37 +0900 cap production deploy:check
  INFO ---------------------------------------------------------------------------
  INFO rbenv: rbenv_ruby is not set; ruby version will be defined by the remote hosts via rbenv
  INFO [3e1086b3] Running /usr/bin/env mkdir -p /tmp as ec2-user@ec2-52-198-155-223.ap-northeast-1.compute.amazonaws.com
 DEBUG [3e1086b3] Command: ( export RBENV_ROOT="$HOME/.rbenv" RBENV_VERSION="" ; /usr/bin/env mkdir -p /tmp )
 DEBUG [3e1086b3] 	/etc/profile.d/rbenv.sh: 行 3: rbenv: コマンドが見つかりません
 DEBUG [3e1086b3] 	/etc/profile.d/rbenv.sh: 行 3: $'\342\200\250': コマンドが見つかりません
  INFO [3e1086b3] Finished in 0.296 seconds with exit status 0 (successful).
 DEBUG Uploading /tmp/git-ssh-test_deploy-production-sbkn0919.sh 0.0%
  INFO Uploading /tmp/git-ssh-test_deploy-production-sbkn0919.sh 100.0%
  INFO [3594c217] Running /usr/bin/env chmod 700 /tmp/git-ssh-test_deploy-production-sbkn0919.sh as ec2-user@ec2-52-198-155-223.ap-northeast-1.compute.amazonaws.com
 DEBUG [3594c217] Command: ( export RBENV_ROOT="$HOME/.rbenv" RBENV_VERSION="" ; /usr/bin/env chmod 700 /tmp/git-ssh-test_deploy-production-sbkn0919.sh )
 DEBUG [3594c217] 	/etc/profile.d/rbenv.sh: 行 3: rbenv: コマンドが見つかりません
 DEBUG [3594c217] 	/etc/profile.d/rbenv.sh: 行 3: $'\342\200\250': コマンドが見つかりません
  INFO [3594c217] Finished in 0.079 seconds with exit status 0 (successful).
  INFO [e371e0a7] Running /usr/bin/env git ls-remote --heads git@gitlab.com:sibakeny/sbkn_blog.git as ec2-user@ec2-52-198-155-223.ap-northeast-1.compute.amazonaws.com
 DEBUG [e371e0a7] Command: ( export RBENV_ROOT="$HOME/.rbenv" RBENV_VERSION="" GIT_ASKPASS="/bin/echo" GIT_SSH="/tmp/git-ssh-test_deploy-production-sbkn0919.sh" ; /usr/bin/env git ls-remote --heads git@gitlab.com:sibakeny/sbkn_blog.git )
 DEBUG [e371e0a7] 	/etc/profile.d/rbenv.sh: 行 3: rbenv: コマンドが見つかりません
 DEBUG [e371e0a7] 	/etc/profile.d/rbenv.sh: 行 3: $'\342\200\250': コマンドが見つかりません
 DEBUG [e371e0a7] 	Permission denied (publickey).
 DEBUG [e371e0a7] 	fatal: Could not read from remote repository.

Please make sure you have the correct access rights
and the repository exists.
  INFO ---------------------------------------------------------------------------
  INFO START 2020-06-09 21:37:36 +0900 cap production deploy:check
  INFO ---------------------------------------------------------------------------
  INFO rbenv: rbenv_ruby is not set; ruby version will be defined by the remote hosts via rbenv
  INFO [ab8a55f0] Running /usr/bin/env mkdir -p /tmp as ec2-user@ec2-52-198-155-223.ap-northeast-1.compute.amazonaws.com
 DEBUG [ab8a55f0] Command: ( export RBENV_ROOT="$HOME/.rbenv" RBENV_VERSION="" ; /usr/bin/env mkdir -p /tmp )
 DEBUG [ab8a55f0] 	/etc/profile.d/rbenv.sh: 行 3: rbenv: コマンドが見つかりません
 DEBUG [ab8a55f0] 	/etc/profile.d/rbenv.sh: 行 3: $'\342\200\250': コマンドが見つかりません
  INFO [ab8a55f0] Finished in 0.276 seconds with exit status 0 (successful).
 DEBUG Uploading /tmp/git-ssh-test_deploy-production-sbkn0919.sh 0.0%
  INFO Uploading /tmp/git-ssh-test_deploy-production-sbkn0919.sh 100.0%
  INFO [d470b99c] Running /usr/bin/env chmod 700 /tmp/git-ssh-test_deploy-production-sbkn0919.sh as ec2-user@ec2-52-198-155-223.ap-northeast-1.compute.amazonaws.com
 DEBUG [d470b99c] Command: ( export RBENV_ROOT="$HOME/.rbenv" RBENV_VERSION="" ; /usr/bin/env chmod 700 /tmp/git-ssh-test_deploy-production-sbkn0919.sh )
 DEBUG [d470b99c] 	/etc/profile.d/rbenv.sh: 行 3: rbenv: コマンドが見つかりません
 DEBUG [d470b99c] 	/etc/profile.d/rbenv.sh: 行 3: $'\342\200\250': コマンドが見つかりません
  INFO [d470b99c] Finished in 0.080 seconds with exit status 0 (successful).
  INFO [06d7d90b] Running /usr/bin/env git ls-remote --heads git@gitlab.com:sibakeny/sbkn_blog.git as ec2-user@ec2-52-198-155-223.ap-northeast-1.compute.amazonaws.com
 DEBUG [06d7d90b] Command: ( export RBENV_ROOT="$HOME/.rbenv" RBENV_VERSION="" GIT_ASKPASS="/bin/echo" GIT_SSH="/tmp/git-ssh-test_deploy-production-sbkn0919.sh" ; /usr/bin/env git ls-remote --heads git@gitlab.com:sibakeny/sbkn_blog.git )
 DEBUG [06d7d90b] 	/etc/profile.d/rbenv.sh: 行 3: rbenv: コマンドが見つかりません
 DEBUG [06d7d90b] 	/etc/profile.d/rbenv.sh: 行 3: $'\342\200\250': コマンドが見つかりません
 DEBUG [06d7d90b] 	Permission denied (publickey).
 DEBUG [06d7d90b] 	fatal: Could not read from remote repository.

Please make sure you have the correct access rights
and the repository exists.
  INFO ---------------------------------------------------------------------------
  INFO START 2020-06-09 21:45:39 +0900 cap production deploy:check
  INFO ---------------------------------------------------------------------------
  INFO rbenv: rbenv_ruby is not set; ruby version will be defined by the remote hosts via rbenv
  INFO [cdf0aa1e] Running /usr/bin/env mkdir -p /tmp as ec2-user@ec2-52-198-155-223.ap-northeast-1.compute.amazonaws.com
 DEBUG [cdf0aa1e] Command: ( export RBENV_ROOT="$HOME/.rbenv" RBENV_VERSION="" ; /usr/bin/env mkdir -p /tmp )
 DEBUG [cdf0aa1e] 	/etc/profile.d/rbenv.sh: 行 3: rbenv: コマンドが見つかりません
 DEBUG [cdf0aa1e] 	/etc/profile.d/rbenv.sh: 行 3: $'\342\200\250': コマンドが見つかりません
  INFO [cdf0aa1e] Finished in 0.369 seconds with exit status 0 (successful).
 DEBUG Uploading /tmp/git-ssh-test_deploy-production-sbkn0919.sh 0.0%
  INFO Uploading /tmp/git-ssh-test_deploy-production-sbkn0919.sh 100.0%
  INFO [db64e844] Running /usr/bin/env chmod 700 /tmp/git-ssh-test_deploy-production-sbkn0919.sh as ec2-user@ec2-52-198-155-223.ap-northeast-1.compute.amazonaws.com
 DEBUG [db64e844] Command: ( export RBENV_ROOT="$HOME/.rbenv" RBENV_VERSION="" ; /usr/bin/env chmod 700 /tmp/git-ssh-test_deploy-production-sbkn0919.sh )
 DEBUG [db64e844] 	/etc/profile.d/rbenv.sh: 行 3: rbenv: コマンドが見つかりません
 DEBUG [db64e844] 	/etc/profile.d/rbenv.sh: 行 3: $'\342\200\250': コマンドが見つかりません
  INFO [db64e844] Finished in 0.078 seconds with exit status 0 (successful).
  INFO [5d407ddc] Running /usr/bin/env git ls-remote --heads git@gitlab.com:sibakeny/sbkn_blog.git as ec2-user@ec2-52-198-155-223.ap-northeast-1.compute.amazonaws.com
 DEBUG [5d407ddc] Command: ( export RBENV_ROOT="$HOME/.rbenv" RBENV_VERSION="" GIT_ASKPASS="/bin/echo" GIT_SSH="/tmp/git-ssh-test_deploy-production-sbkn0919.sh" ; /usr/bin/env git ls-remote --heads git@gitlab.com:sibakeny/sbkn_blog.git )
 DEBUG [5d407ddc] 	/etc/profile.d/rbenv.sh: 行 3: rbenv: コマンドが見つかりません
 DEBUG [5d407ddc] 	/etc/profile.d/rbenv.sh: 行 3: $'\342\200\250': コマンドが見つかりません
 DEBUG [5d407ddc] 	Permission denied (publickey).
 DEBUG [5d407ddc] 	fatal: Could not read from remote repository.

Please make sure you have the correct access rights
and the repository exists.
  INFO ---------------------------------------------------------------------------
  INFO START 2020-06-09 21:53:30 +0900 cap production deploy:check
  INFO ---------------------------------------------------------------------------
  INFO rbenv: rbenv_ruby is not set; ruby version will be defined by the remote hosts via rbenv
  INFO [a132f571] Running /usr/bin/env mkdir -p /tmp as ec2-user@ec2-52-198-155-223.ap-northeast-1.compute.amazonaws.com
 DEBUG [a132f571] Command: ( export RBENV_ROOT="$HOME/.rbenv" RBENV_VERSION="" ; /usr/bin/env mkdir -p /tmp )
 DEBUG [a132f571] 	/etc/profile.d/rbenv.sh: 行 3: rbenv: コマンドが見つかりません
 DEBUG [a132f571] 	/etc/profile.d/rbenv.sh: 行 3: $'\342\200\250': コマンドが見つかりません
  INFO [a132f571] Finished in 0.308 seconds with exit status 0 (successful).
 DEBUG Uploading /tmp/git-ssh-test_deploy-production-sbkn0919.sh 0.0%
  INFO Uploading /tmp/git-ssh-test_deploy-production-sbkn0919.sh 100.0%
  INFO [5d9a8a19] Running /usr/bin/env chmod 700 /tmp/git-ssh-test_deploy-production-sbkn0919.sh as ec2-user@ec2-52-198-155-223.ap-northeast-1.compute.amazonaws.com
 DEBUG [5d9a8a19] Command: ( export RBENV_ROOT="$HOME/.rbenv" RBENV_VERSION="" ; /usr/bin/env chmod 700 /tmp/git-ssh-test_deploy-production-sbkn0919.sh )
 DEBUG [5d9a8a19] 	/etc/profile.d/rbenv.sh: 行 3: rbenv: コマンドが見つかりません
 DEBUG [5d9a8a19] 	/etc/profile.d/rbenv.sh: 行 3: $'\342\200\250': コマンドが見つかりません
  INFO [5d9a8a19] Finished in 0.080 seconds with exit status 0 (successful).
  INFO [e1198940] Running /usr/bin/env git ls-remote --heads git@gitlab.com:sibakeny/sbkn_blog.git as ec2-user@ec2-52-198-155-223.ap-northeast-1.compute.amazonaws.com
 DEBUG [e1198940] Command: ( export RBENV_ROOT="$HOME/.rbenv" RBENV_VERSION="" GIT_ASKPASS="/bin/echo" GIT_SSH="/tmp/git-ssh-test_deploy-production-sbkn0919.sh" ; /usr/bin/env git ls-remote --heads git@gitlab.com:sibakeny/sbkn_blog.git )
 DEBUG [e1198940] 	/etc/profile.d/rbenv.sh: 行 3: rbenv: コマンドが見つかりません
 DEBUG [e1198940] 	/etc/profile.d/rbenv.sh: 行 3: $'\342\200\250': コマンドが見つかりません
 DEBUG [e1198940] 	Permission denied (publickey).
 DEBUG [e1198940] 	fatal: Could not read from remote repository.

Please make sure you have the correct access rights
and the repository exists.
  INFO ---------------------------------------------------------------------------
  INFO START 2020-06-09 21:57:01 +0900 cap production deploy:check
  INFO ---------------------------------------------------------------------------
  INFO rbenv: rbenv_ruby is not set; ruby version will be defined by the remote hosts via rbenv
  INFO [82065111] Running /usr/bin/env mkdir -p /tmp as ec2-user@ec2-52-198-155-223.ap-northeast-1.compute.amazonaws.com
 DEBUG [82065111] Command: ( export RBENV_ROOT="$HOME/.rbenv" RBENV_VERSION="" ; /usr/bin/env mkdir -p /tmp )
 DEBUG [82065111] 	/etc/profile.d/rbenv.sh: 行 3: rbenv: コマンドが見つかりません
 DEBUG [82065111] 	/etc/profile.d/rbenv.sh: 行 3: $'\342\200\250': コマンドが見つかりません
  INFO [82065111] Finished in 0.289 seconds with exit status 0 (successful).
 DEBUG Uploading /tmp/git-ssh-test_deploy-production-sbkn0919.sh 0.0%
  INFO Uploading /tmp/git-ssh-test_deploy-production-sbkn0919.sh 100.0%
  INFO [4e01f20a] Running /usr/bin/env chmod 700 /tmp/git-ssh-test_deploy-production-sbkn0919.sh as ec2-user@ec2-52-198-155-223.ap-northeast-1.compute.amazonaws.com
 DEBUG [4e01f20a] Command: ( export RBENV_ROOT="$HOME/.rbenv" RBENV_VERSION="" ; /usr/bin/env chmod 700 /tmp/git-ssh-test_deploy-production-sbkn0919.sh )
 DEBUG [4e01f20a] 	/etc/profile.d/rbenv.sh: 行 3: rbenv: コマンドが見つかりません
 DEBUG [4e01f20a] 	/etc/profile.d/rbenv.sh: 行 3: $'\342\200\250': コマンドが見つかりません
  INFO [4e01f20a] Finished in 0.079 seconds with exit status 0 (successful).
  INFO [5316e9af] Running /usr/bin/env git ls-remote --heads git@gitlab.com:sibakeny/sbkn_blog.git as ec2-user@ec2-52-198-155-223.ap-northeast-1.compute.amazonaws.com
 DEBUG [5316e9af] Command: ( export RBENV_ROOT="$HOME/.rbenv" RBENV_VERSION="" GIT_ASKPASS="/bin/echo" GIT_SSH="/tmp/git-ssh-test_deploy-production-sbkn0919.sh" ; /usr/bin/env git ls-remote --heads git@gitlab.com:sibakeny/sbkn_blog.git )
 DEBUG [5316e9af] 	/etc/profile.d/rbenv.sh: 行 3: rbenv: コマンドが見つかりません
 DEBUG [5316e9af] 	/etc/profile.d/rbenv.sh: 行 3: $'\342\200\250': コマンドが見つかりません
 DEBUG [5316e9af] 	Permission denied (publickey).
 DEBUG [5316e9af] 	fatal: Could not read from remote repository.

Please make sure you have the correct access rights
and the repository exists.
  INFO ---------------------------------------------------------------------------
  INFO START 2020-06-09 21:59:11 +0900 cap production deploy:check
  INFO ---------------------------------------------------------------------------
  INFO rbenv: rbenv_ruby is not set; ruby version will be defined by the remote hosts via rbenv
  INFO [697ec81d] Running /usr/bin/env mkdir -p /tmp as ec2-user@ec2-52-198-155-223.ap-northeast-1.compute.amazonaws.com
 DEBUG [697ec81d] Command: ( export RBENV_ROOT="$HOME/.rbenv" RBENV_VERSION="" ; /usr/bin/env mkdir -p /tmp )
 DEBUG [697ec81d] 	/etc/profile.d/rbenv.sh: 行 3: rbenv: コマンドが見つかりません
 DEBUG [697ec81d] 	/etc/profile.d/rbenv.sh: 行 3: $'\342\200\250': コマンドが見つかりません
  INFO [697ec81d] Finished in 0.312 seconds with exit status 0 (successful).
 DEBUG Uploading /tmp/git-ssh-test_deploy-production-sbkn0919.sh 0.0%
  INFO Uploading /tmp/git-ssh-test_deploy-production-sbkn0919.sh 100.0%
  INFO [8829dc59] Running /usr/bin/env chmod 700 /tmp/git-ssh-test_deploy-production-sbkn0919.sh as ec2-user@ec2-52-198-155-223.ap-northeast-1.compute.amazonaws.com
 DEBUG [8829dc59] Command: ( export RBENV_ROOT="$HOME/.rbenv" RBENV_VERSION="" ; /usr/bin/env chmod 700 /tmp/git-ssh-test_deploy-production-sbkn0919.sh )
 DEBUG [8829dc59] 	/etc/profile.d/rbenv.sh: 行 3: rbenv: コマンドが見つかりません
 DEBUG [8829dc59] 	/etc/profile.d/rbenv.sh: 行 3: $'\342\200\250': コマンドが見つかりません
  INFO [8829dc59] Finished in 0.079 seconds with exit status 0 (successful).
  INFO [a9230eb9] Running /usr/bin/env git ls-remote --heads git@gitlab.com:sibakeny/sbkn_blog.git as ec2-user@ec2-52-198-155-223.ap-northeast-1.compute.amazonaws.com
 DEBUG [a9230eb9] Command: ( export RBENV_ROOT="$HOME/.rbenv" RBENV_VERSION="" GIT_ASKPASS="/bin/echo" GIT_SSH="/tmp/git-ssh-test_deploy-production-sbkn0919.sh" ; /usr/bin/env git ls-remote --heads git@gitlab.com:sibakeny/sbkn_blog.git )
 DEBUG [a9230eb9] 	/etc/profile.d/rbenv.sh: 行 3: rbenv: コマンドが見つかりません
 DEBUG [a9230eb9] 	/etc/profile.d/rbenv.sh: 行 3: $'\342\200\250': コマンドが見つかりません
 DEBUG [a9230eb9] 	Permission denied (publickey).
 DEBUG [a9230eb9] 	fatal: Could not read from remote repository.

Please make sure you have the correct access rights
and the repository exists.
  INFO ---------------------------------------------------------------------------
  INFO START 2020-06-09 22:02:29 +0900 cap production deploy:check
  INFO ---------------------------------------------------------------------------
  INFO rbenv: rbenv_ruby is not set; ruby version will be defined by the remote hosts via rbenv
  INFO [52061264] Running /usr/bin/env mkdir -p /tmp as ec2-user@ec2-52-198-155-223.ap-northeast-1.compute.amazonaws.com
 DEBUG [52061264] Command: ( export RBENV_ROOT="$HOME/.rbenv" RBENV_VERSION="" ; /usr/bin/env mkdir -p /tmp )
 DEBUG [52061264] 	/etc/profile.d/rbenv.sh: 行 3: rbenv: コマンドが見つかりません
 DEBUG [52061264] 	/etc/profile.d/rbenv.sh: 行 3: $'\342\200\250': コマンドが見つかりません
 DEBUG [52061264] 	Agent pid 21608
 DEBUG [52061264] 	Enter passphrase for /home/ec2-user/.ssh/id_rsa: 
  INFO ---------------------------------------------------------------------------
  INFO START 2020-06-11 21:39:43 +0900 cap production deploy:check
  INFO ---------------------------------------------------------------------------
  INFO rbenv: rbenv_ruby is not set; ruby version will be defined by the remote hosts via rbenv
  INFO [2de52309] Running /usr/bin/env mkdir -p /tmp as ec2-user@ec2-52-197-83-4.ap-northeast-1.compute.amazonaws.com
 DEBUG [2de52309] Command: ( export RBENV_ROOT="$HOME/.rbenv" RBENV_VERSION="" ; /usr/bin/env mkdir -p /tmp )
  INFO [2de52309] Finished in 0.342 seconds with exit status 0 (successful).
 DEBUG Uploading /tmp/git-ssh-test_deploy-production-sbkn0919.sh 0.0%
  INFO Uploading /tmp/git-ssh-test_deploy-production-sbkn0919.sh 100.0%
  INFO [2be1518b] Running /usr/bin/env chmod 700 /tmp/git-ssh-test_deploy-production-sbkn0919.sh as ec2-user@ec2-52-197-83-4.ap-northeast-1.compute.amazonaws.com
 DEBUG [2be1518b] Command: ( export RBENV_ROOT="$HOME/.rbenv" RBENV_VERSION="" ; /usr/bin/env chmod 700 /tmp/git-ssh-test_deploy-production-sbkn0919.sh )
  INFO [2be1518b] Finished in 0.079 seconds with exit status 0 (successful).
  INFO [7d63d43b] Running /usr/bin/env git ls-remote --heads git@gitlab.com:sibakeny/sbkn_blog.git as ec2-user@ec2-52-197-83-4.ap-northeast-1.compute.amazonaws.com
 DEBUG [7d63d43b] Command: ( export RBENV_ROOT="$HOME/.rbenv" RBENV_VERSION="" GIT_ASKPASS="/bin/echo" GIT_SSH="/tmp/git-ssh-test_deploy-production-sbkn0919.sh" ; /usr/bin/env git ls-remote --heads git@gitlab.com:sibakeny/sbkn_blog.git )
 DEBUG [7d63d43b] 	Permission denied (publickey).
 DEBUG [7d63d43b] 	fatal: Could not read from remote repository.

Please make sure you have the correct access rights
and the repository exists.
